This is pdfTeX, Version 3.141592653-2.6-1.40.24 (TeX Live 2022/TeX Live for SUSE Linux) (preloaded format=pdflatex 2023.1.17)  21 FEB 2023 10:28
entering extended mode
 restricted \write18 enabled.
 file:line:error style messages enabled.
 %&-line parsing enabled.
**/home/isaac/Coding/stats/cereal_induction/manuscript/main.tex
(/home/isaac/Coding/stats/cereal_induction/manuscript/main.tex
LaTeX2e <2021-11-15> patch level 1
L3 programming layer <2022-02-24> (/usr/share/texmf/tex/latex/base/article.cls
Document Class: article 2021/10/04 v1.4n Standard LaTeX document class
(/usr/share/texmf/tex/latex/base/size12.clo
File: size12.clo 2021/10/04 v1.4n Standard LaTeX file (size option)
)
\c@part=\count185
\c@section=\count186
\c@subsection=\count187
\c@subsubsection=\count188
\c@paragraph=\count189
\c@subparagraph=\count190
\c@figure=\count191
\c@table=\count192
\abovecaptionskip=\skip47
\belowcaptionskip=\skip48
\bibindent=\dimen138
) (/usr/share/texmf/tex/latex/biblatex/biblatex.sty
Package: biblatex 2022/02/02 v3.17 programmable bibliographies (PK/MW)
 (/usr/share/texmf/tex/generic/pdftexcmds/pdftexcmds.sty
Package: pdftexcmds 2020-06-27 v0.33 Utility functions of pdfTeX for LuaTeX (HO)
 (/usr/share/texmf/tex/generic/infwarerr/infwarerr.sty
Package: infwarerr 2019/12/03 v1.5 Providing info/warning/error messages (HO)
) (/usr/share/texmf/tex/generic/iftex/iftex.sty
Package: iftex 2022/02/03 v1.0f TeX engine tests
) (/usr/share/texmf/tex/generic/ltxcmds/ltxcmds.sty
Package: ltxcmds 2020-05-10 v1.25 LaTeX kernel commands for general use (HO)
)
Package pdftexcmds Info: \pdf@primitive is available.
Package pdftexcmds Info: \pdf@ifprimitive is available.
Package pdftexcmds Info: \pdfdraftmode found.
) (/usr/share/texmf/tex/latex/etoolbox/etoolbox.sty
Package: etoolbox 2020/10/05 v2.5k e-TeX tools for LaTeX (JAW)
\etb@tempcnta=\count193
) (/usr/share/texmf/tex/latex/graphics/keyval.sty
Package: keyval 2014/10/28 v1.15 key=value parser (DPC)
\KV@toks@=\toks16
) (/usr/share/texmf/tex/latex/kvoptions/kvoptions.sty
Package: kvoptions 2020-10-07 v3.14 Key value format for package options (HO)
 (/usr/share/texmf/tex/generic/kvsetkeys/kvsetkeys.sty
Package: kvsetkeys 2019/12/15 v1.18 Key value parser (HO)
)) (/usr/share/texmf/tex/latex/logreq/logreq.sty
Package: logreq 2010/08/04 v1.0 xml request logger
\lrq@indent=\count194
 (/usr/share/texmf/tex/latex/logreq/logreq.def
File: logreq.def 2010/08/04 v1.0 logreq spec v1.0
)) (/usr/share/texmf/tex/latex/base/ifthen.sty
Package: ifthen 2020/11/24 v1.1c Standard LaTeX ifthen package (DPC)
) (/usr/share/texmf/tex/latex/url/url.sty
\Urlmuskip=\muskip16
Package: url 2013/09/16  ver 3.4  Verb mode for urls, etc.
)
\c@tabx@nest=\count195
\c@listtotal=\count196
\c@listcount=\count197
\c@liststart=\count198
\c@liststop=\count199
\c@citecount=\count266
\c@citetotal=\count267
\c@multicitecount=\count268
\c@multicitetotal=\count269
\c@instcount=\count270
\c@maxnames=\count271
\c@minnames=\count272
\c@maxitems=\count273
\c@minitems=\count274
\c@citecounter=\count275
\c@maxcitecounter=\count276
\c@savedcitecounter=\count277
\c@uniquelist=\count278
\c@uniquename=\count279
\c@refsection=\count280
\c@refsegment=\count281
\c@maxextratitle=\count282
\c@maxextratitleyear=\count283
\c@maxextraname=\count284
\c@maxextradate=\count285
\c@maxextraalpha=\count286
\c@abbrvpenalty=\count287
\c@highnamepenalty=\count288
\c@lownamepenalty=\count289
\c@maxparens=\count290
\c@parenlevel=\count291
\blx@tempcnta=\count292
\blx@tempcntb=\count293
\blx@tempcntc=\count294
\c@blx@maxsection=\count295
\c@blx@maxsegment@0=\count296
\blx@notetype=\count297
\blx@parenlevel@text=\count298
\blx@parenlevel@foot=\count299
\c@blx@sectionciteorder@0=\count300
\blx@entrysetcounter=\count301
\blx@biblioinstance=\count302
\labelnumberwidth=\skip49
\labelalphawidth=\skip50
\biblabelsep=\skip51
\bibitemsep=\skip52
\bibnamesep=\skip53
\bibinitsep=\skip54
\bibparsep=\skip55
\bibhang=\skip56
\blx@bcfin=\read2
\blx@bcfout=\write3
\blx@langwohyphens=\language53
\c@mincomprange=\count303
\c@maxcomprange=\count304
\c@mincompwidth=\count305
Package biblatex Info: Trying to load biblatex default data model...
Package biblatex Info: ... file 'blx-dm.def' found.
 (/usr/share/texmf/tex/latex/biblatex/blx-dm.def
File: blx-dm.def 2022/02/02 v3.17 biblatex localization (PK/MW)
)
Package biblatex Info: Trying to load biblatex style data model...
Package biblatex Info: ... file 'authoryear.dbx' not found.
Package biblatex Info: Trying to load biblatex custom data model...
Package biblatex Info: ... file 'biblatex-dm.cfg' not found.
\c@afterword=\count306
\c@savedafterword=\count307
\c@annotator=\count308
\c@savedannotator=\count309
\c@author=\count310
\c@savedauthor=\count311
\c@bookauthor=\count312
\c@savedbookauthor=\count313
\c@commentator=\count314
\c@savedcommentator=\count315
\c@editor=\count316
\c@savededitor=\count317
\c@editora=\count318
\c@savededitora=\count319
\c@editorb=\count320
\c@savededitorb=\count321
\c@editorc=\count322
\c@savededitorc=\count323
\c@foreword=\count324
\c@savedforeword=\count325
\c@holder=\count326
\c@savedholder=\count327
\c@introduction=\count328
\c@savedintroduction=\count329
\c@namea=\count330
\c@savednamea=\count331
\c@nameb=\count332
\c@savednameb=\count333
\c@namec=\count334
\c@savednamec=\count335
\c@translator=\count336
\c@savedtranslator=\count337
\c@shortauthor=\count338
\c@savedshortauthor=\count339
\c@shorteditor=\count340
\c@savedshorteditor=\count341
\c@labelname=\count342
\c@savedlabelname=\count343
\c@institution=\count344
\c@savedinstitution=\count345
\c@lista=\count346
\c@savedlista=\count347
\c@listb=\count348
\c@savedlistb=\count349
\c@listc=\count350
\c@savedlistc=\count351
\c@listd=\count352
\c@savedlistd=\count353
\c@liste=\count354
\c@savedliste=\count355
\c@listf=\count356
\c@savedlistf=\count357
\c@location=\count358
\c@savedlocation=\count359
\c@organization=\count360
\c@savedorganization=\count361
\c@origlocation=\count362
\c@savedoriglocation=\count363
\c@origpublisher=\count364
\c@savedorigpublisher=\count365
\c@publisher=\count366
\c@savedpublisher=\count367
\c@language=\count368
\c@savedlanguage=\count369
\c@origlanguage=\count370
\c@savedoriglanguage=\count371
\c@pageref=\count372
\c@savedpageref=\count373
\shorthandwidth=\skip57
\shortjournalwidth=\skip58
\shortserieswidth=\skip59
\shorttitlewidth=\skip60
\shortauthorwidth=\skip61
\shorteditorwidth=\skip62
\locallabelnumberwidth=\skip63
\locallabelalphawidth=\skip64
\localshorthandwidth=\skip65
\localshortjournalwidth=\skip66
\localshortserieswidth=\skip67
\localshorttitlewidth=\skip68
\localshortauthorwidth=\skip69
\localshorteditorwidth=\skip70
Package biblatex Info: Trying to load compatibility code...
Package biblatex Info: ... file 'blx-compat.def' found.
 (/usr/share/texmf/tex/latex/biblatex/blx-compat.def
File: blx-compat.def 2022/02/02 v3.17 biblatex compatibility (PK/MW)
)
Package biblatex Info: Trying to load generic definitions...
Package biblatex Info: ... file 'biblatex.def' found.
 (/usr/share/texmf/tex/latex/biblatex/biblatex.def
File: biblatex.def 2022/02/02 v3.17 biblatex compatibility (PK/MW)
\c@textcitecount=\count374
\c@textcitetotal=\count375
\c@textcitemaxnames=\count376
\c@biburlbigbreakpenalty=\count377
\c@biburlbreakpenalty=\count378
\c@biburlnumpenalty=\count379
\c@biburlucpenalty=\count380
\c@biburllcpenalty=\count381
\biburlbigskip=\muskip17
\biburlnumskip=\muskip18
\biburlucskip=\muskip19
\biburllcskip=\muskip20
\c@smartand=\count382
)
Package biblatex Info: Trying to load bibliography style 'authoryear'...
Package biblatex Info: ... file 'authoryear.bbx' found.
 (/usr/share/texmf/tex/latex/biblatex/bbx/authoryear.bbx
File: authoryear.bbx 2022/02/02 v3.17 biblatex bibliography style (PK/MW)
Package biblatex Info: Trying to load bibliography style 'standard'...
Package biblatex Info: ... file 'standard.bbx' found.
 (/usr/share/texmf/tex/latex/biblatex/bbx/standard.bbx
File: standard.bbx 2022/02/02 v3.17 biblatex bibliography style (PK/MW)
\c@bbx:relatedcount=\count383
\c@bbx:relatedtotal=\count384
))
Package biblatex Info: Trying to load citation style 'authoryear'...
Package biblatex Info: ... file 'authoryear.cbx' found.
 (/usr/share/texmf/tex/latex/biblatex/cbx/authoryear.cbx
File: authoryear.cbx 2022/02/02 v3.17 biblatex citation style (PK/MW)
Package biblatex Info: Redefining '\cite'.
Package biblatex Info: Redefining '\parencite'.
Package biblatex Info: Redefining '\footcite'.
Package biblatex Info: Redefining '\footcitetext'.
Package biblatex Info: Redefining '\smartcite'.
Package biblatex Info: Redefining '\textcite'.
Package biblatex Info: Redefining '\textcites'.
)
Package biblatex Info: Trying to load configuration file...
Package biblatex Info: ... file 'biblatex.cfg' found.
 (/usr/share/texmf/tex/latex/biblatex/biblatex.cfg
File: biblatex.cfg 
)
Package biblatex Info: Input encoding 'utf8' detected.
Package biblatex Info: Document encoding is UTF8 ....
 (/usr/share/texmf/tex/latex/l3kernel/expl3.sty
Package: expl3 2022-02-24 L3 programming layer (loader) 
 (/usr/share/texmf/tex/latex/l3backend/l3backend-pdftex.def
File: l3backend-pdftex.def 2022-02-07 L3 backend support: PDF output (pdfTeX)
\l__color_backend_stack_int=\count385
\l__pdf_internal_box=\box50
))
Package biblatex Info: ... and expl3
(biblatex)             2022-02-24 L3 programming layer (loader) 
(biblatex)             is new enough (at least 2020/04/06),
(biblatex)             setting 'casechanger=expl3'.
 (/usr/share/texmf/tex/latex/biblatex/blx-case-expl3.sty (/usr/share/texmf/tex/latex/l3packages/xparse/xparse.sty
Package: xparse 2022-01-12 L3 Experimental document command parser
)
Package: blx-case-expl3 2022/02/02 v3.17 expl3 case changing code for biblatex
)) (/usr/share/texmf/tex/latex/caption/caption.sty
Package: caption 2022/03/01 v3.6b Customizing captions (AR)
 (/usr/share/texmf/tex/latex/caption/caption3.sty
Package: caption3 2022/03/17 v2.3b caption3 kernel (AR)
\caption@tempdima=\dimen139
\captionmargin=\dimen140
\caption@leftmargin=\dimen141
\caption@rightmargin=\dimen142
\caption@width=\dimen143
\caption@indent=\dimen144
\caption@parindent=\dimen145
\caption@hangindent=\dimen146
Package caption Info: Standard document class detected.
)
\c@caption@flags=\count386
\c@continuedfloat=\count387
) (/usr/share/texmf/tex/latex/geometry/geometry.sty
Package: geometry 2020/01/02 v5.9 Page Geometry
 (/usr/share/texmf/tex/generic/iftex/ifvtex.sty
Package: ifvtex 2019/10/25 v1.7 ifvtex legacy package. Use iftex instead.
)
\Gm@cnth=\count388
\Gm@cntv=\count389
\c@Gm@tempcnt=\count390
\Gm@bindingoffset=\dimen147
\Gm@wd@mp=\dimen148
\Gm@odd@mp=\dimen149
\Gm@even@mp=\dimen150
\Gm@layoutwidth=\dimen151
\Gm@layoutheight=\dimen152
\Gm@layouthoffset=\dimen153
\Gm@layoutvoffset=\dimen154
\Gm@dimlist=\toks17
) (/usr/share/texmf/tex/latex/graphics/graphicx.sty
Package: graphicx 2021/09/16 v1.2d Enhanced LaTeX Graphics (DPC,SPQR)
 (/usr/share/texmf/tex/latex/graphics/graphics.sty
Package: graphics 2021/03/04 v1.4d Standard LaTeX Graphics (DPC,SPQR)
 (/usr/share/texmf/tex/latex/graphics/trig.sty
Package: trig 2021/08/11 v1.11 sin cos tan (DPC)
) (/usr/share/texmf/tex/latex/graphics-cfg/graphics.cfg
File: graphics.cfg 2016/06/04 v1.11 sample graphics configuration
)
Package graphics Info: Driver file: pdftex.def on input line 107.
 (/usr/share/texmf/tex/latex/graphics-def/pdftex.def
File: pdftex.def 2020/10/05 v1.2a Graphics/color driver for pdftex
))
\Gin@req@height=\dimen155
\Gin@req@width=\dimen156
) (/usr/share/texmf/tex/latex/setspace/setspace.sty
Package: setspace 2011/12/19 v6.7a set line spacing
) (/usr/share/texmf/tex/latex/lineno/lineno.sty
Package: lineno 2005/11/02 line numbers on paragraphs v4.41
\linenopenalty=\count391
\output=\toks18
\linenoprevgraf=\count392
\linenumbersep=\dimen157
\linenumberwidth=\dimen158
\c@linenumber=\count393
\c@pagewiselinenumber=\count394
\c@LN@truepage=\count395
\c@internallinenumber=\count396
\c@internallinenumbers=\count397
\quotelinenumbersep=\dimen159
\bframerule=\dimen160
\bframesep=\dimen161
\bframebox=\box51
LaTeX Info: Redefining \\ on input line 3056.
)
\@quotelevel=\count398
\@quotereset=\count399
 (./main.aux)
Runaway argument?
/home/isaac/Coding/stats/cereal_induction/manuscript/main.tex:25: File ended while scanning use of \abx@aux@page.
<inserted text> 
                \par 
l.25 \begin{document}
                     
I suspect you have forgotten a `}', causing me
to read past where you wanted me to stop.
I'll try to recover; but if the error is serious,
you'd better type `E' or `X' now and fix your file.

\openout1 = `main.aux'.

LaTeX Font Info:    Checking defaults for OML/cmm/m/it on input line 25.
LaTeX Font Info:    ... okay on input line 25.
LaTeX Font Info:    Checking defaults for OMS/cmsy/m/n on input line 25.
LaTeX Font Info:    ... okay on input line 25.
LaTeX Font Info:    Checking defaults for OT1/cmr/m/n on input line 25.
LaTeX Font Info:    ... okay on input line 25.
LaTeX Font Info:    Checking defaults for T1/cmr/m/n on input line 25.
LaTeX Font Info:    ... okay on input line 25.
LaTeX Font Info:    Checking defaults for TS1/cmr/m/n on input line 25.
LaTeX Font Info:    ... okay on input line 25.
LaTeX Font Info:    Checking defaults for OMX/cmex/m/n on input line 25.
LaTeX Font Info:    ... okay on input line 25.
LaTeX Font Info:    Checking defaults for U/cmr/m/n on input line 25.
LaTeX Font Info:    ... okay on input line 25.
Package biblatex Info: Trying to load language 'english'...
Package biblatex Info: ... file 'english.lbx' found.
(/usr/share/texmf/tex/latex/biblatex/lbx/english.lbx
File: english.lbx 2022/02/02 v3.17 biblatex localization (PK/MW)
)
Package biblatex Info: Input encoding 'utf8' detected.
Package biblatex Info: Automatic encoding selection.
(biblatex)             Assuming data encoding 'utf8'.
\openout3 = `main.bcf'.

Package biblatex Info: Trying to load bibliographic data...
Package biblatex Info: ... file 'main.bbl' not found.

No file main.bbl.
Package biblatex Info: Reference section=0 on input line 25.
Package biblatex Info: Reference segment=0 on input line 25.
Package caption Info: Begin \AtBeginDocument code.
Package caption Info: End \AtBeginDocument code.
*geometry* driver: auto-detecting
*geometry* detected driver: pdftex
*geometry* verbose mode - [ preamble ] result:
* driver: pdftex
* paper: letterpaper
* layout: <same size as paper>
* layoutoffset:(h,v)=(0.0pt,0.0pt)
* modes: 
* h-part:(L,W,R)=(72.2698pt, 469.75539pt, 72.2698pt)
* v-part:(T,H,B)=(36.13512pt, 722.69975pt, 36.13512pt)
* \paperwidth=614.295pt
* \paperheight=794.96999pt
* \textwidth=469.75539pt
* \textheight=722.69975pt
* \oddsidemargin=-0.00018pt
* \evensidemargin=-0.00018pt
* \topmargin=-73.13487pt
* \headheight=12.0pt
* \headsep=25.0pt
* \topskip=12.0pt
* \footskip=30.0pt
* \marginparwidth=44.0pt
* \marginparsep=10.0pt
* \columnsep=10.0pt
* \skip\footins=10.8pt plus 4.0pt minus 2.0pt
* \hoffset=0.0pt
* \voffset=0.0pt
* \mag=1000
* \@twocolumnfalse
* \@twosidefalse
* \@mparswitchfalse
* \@reversemarginfalse
* (1in=72.27pt=25.4mm, 1cm=28.453pt)

(/usr/share/texmf/tex/context/base/mkii/supp-pdf.mkii
[Loading MPS to PDF converter (version 2006.09.02).]
\scratchcounter=\count400
\scratchdimen=\dimen162
\scratchbox=\box52
\nofMPsegments=\count401
\nofMParguments=\count402
\everyMPshowfont=\toks19
\MPscratchCnt=\count403
\MPscratchDim=\dimen163
\MPnumerator=\count404
\makeMPintoPDFobject=\count405
\everyMPtoPDFconversion=\toks20
) (/usr/share/texmf/tex/latex/epstopdf-pkg/epstopdf-base.sty
Package: epstopdf-base 2020-01-24 v2.11 Base part for package epstopdf
Package epstopdf-base Info: Redefining graphics rule for `.eps' on input line 485.
 (/usr/share/texmf/tex/latex/latexconfig/epstopdf-sys.cfg
File: epstopdf-sys.cfg 2010/07/13 v1.3 Configuration of (r)epstopdf for TeX Live
)) (./title.tex [1

{/var/lib/texmf/fonts/map/pdftex/updmap/pdftex.map}]) (./main.toc)
\tf@toc=\write4
\openout4 = `main.toc'.

 [1] [2]
LaTeX Font Info:    External font `cmex10' loaded for size
(Font)              <12> on input line 58.
LaTeX Font Info:    External font `cmex10' loaded for size
(Font)              <8> on input line 58.
LaTeX Font Info:    External font `cmex10' loaded for size
(Font)              <6> on input line 58.


LaTeX Warning: Citation 'fraysse_surface_2009' on page 3 undefined on input line 58.


LaTeX Warning: Citation 'de_tombeur_plants_2020' on page 3 undefined on input line 58.


LaTeX Warning: Citation 'piperno_phytoliths_2006' on page 3 undefined on input line 58.

[3]

LaTeX Warning: Citation 'coskun_controversies_2019' on page 4 undefined on input line 60.


LaTeX Warning: Citation 'coskun_controversies_2019' on page 4 undefined on input line 60.


LaTeX Warning: Citation 'fauteux_silicon_2005' on page 4 undefined on input line 60.


LaTeX Warning: Citation 'massey_herbivore_2007' on page 4 undefined on input line 60.


LaTeX Warning: Citation 'stromberg_functions_2016' on page 4 undefined on input line 60.


LaTeX Warning: Citation 'waterman_short-term_2021-1' on page 4 undefined on input line 60.


LaTeX Warning: Citation 'johnson_silicon_2021' on page 4 undefined on input line 60.


LaTeX Warning: Citation 'cooke_consistent_2016' on page 4 undefined on input line 60.


Overfull \hbox (45.25066pt too wide) in paragraph at lines 60--61
\OT1/cmr/m/n/12 the growth and dam-age of in-sect and fun-gal pests ([]; []).
 []


LaTeX Warning: Citation 'haynes_contemporary_2014' on page 4 undefined on input line 66.


LaTeX Warning: Citation 'de_tombeur_plants_2020' on page 4 undefined on input line 66.


LaTeX Warning: Citation 'de_tombeur_silicon_2021-1' on page 4 undefined on input line 66.


LaTeX Warning: Citation 'de_tombeur_silicon_2021' on page 4 undefined on input line 66.

[4]

LaTeX Warning: Citation 'haynes_contemporary_2014' on page 5 undefined on input line 70.


LaTeX Warning: Citation 'yamaji_orchestration_2015' on page 5 undefined on input line 70.


LaTeX Warning: Citation 'reynolds_silicon_2016' on page 5 undefined on input line 70.


LaTeX Warning: Citation 'farooq_silicon_2015' on page 5 undefined on input line 70.


LaTeX Warning: Citation 'yamaji_transporter_2008' on page 5 undefined on input line 70.


LaTeX Warning: Citation 'christian_breeding_2022' on page 5 undefined on input line 70.

[5]

LaTeX Warning: Citation 'waterman_short-term_2021' on page 6 undefined on input line 74.


LaTeX Warning: Citation 'piperno_phytoliths_2006' on page 6 undefined on input line 74.


LaTeX Warning: Citation 'stromberg_functions_2016' on page 6 undefined on input line 74.


LaTeX Warning: Citation 'stromberg_functions_2016' on page 6 undefined on input line 74.


LaTeX Warning: Citation 'dorairaj_influence_2017' on page 6 undefined on input line 74.


LaTeX Warning: Citation 'muszynska_mechanistic_2021' on page 6 undefined on input line 74.


LaTeX Warning: Citation 'simpson_still_2017' on page 6 undefined on input line 74.


LaTeX Warning: Citation 'stromberg_functions_2016' on page 6 undefined on input line 74.


LaTeX Warning: Citation 'waterman_short-term_2021-1' on page 6 undefined on input line 74.


LaTeX Warning: Citation 'nawaz_phytolith_2019' on page 6 undefined on input line 74.


LaTeX Warning: Citation 'waterman_short-term_2021' on page 6 undefined on input line 74.


LaTeX Warning: Citation 'jones_silica_1967' on page 6 undefined on input line 78.


LaTeX Warning: Citation 'takahashi_possibility_1990' on page 6 undefined on input line 78.


LaTeX Warning: Citation 'epstein_silicon_1999' on page 6 undefined on input line 78.


LaTeX Warning: Citation 'reynolds_silicon_2016' on page 6 undefined on input line 78.


LaTeX Warning: Citation 'faostat' on page 6 undefined on input line 78.


LaTeX Warning: Citation 'haynes_contemporary_2014' on page 6 undefined on input line 78.


LaTeX Warning: Citation 'meena_case_2014' on page 6 undefined on input line 78.


LaTeX Warning: Citation 'fraysse_surface_2009' on page 6 undefined on input line 78.

[6] [7]

LaTeX Warning: Citation 'agrawal_plant_2006' on page 8 undefined on input line 84.


LaTeX Warning: Citation 'agrawal_plant_2006' on page 8 undefined on input line 84.


LaTeX Warning: Citation 'karban_induced_1989' on page 8 undefined on input line 84.


LaTeX Warning: Citation 'schmelz_quantitative_2003' on page 8 undefined on input line 84.


LaTeX Warning: Citation 'karban_induced_1989' on page 8 undefined on input line 84.


LaTeX Warning: Citation 'waterman_simulated_2019' on page 8 undefined on input line 84.


LaTeX Warning: Citation 'reynolds_silicon_2016' on page 8 undefined on input line 86.


LaTeX Warning: Citation 'cooke_consistent_2016' on page 8 undefined on input line 86.


LaTeX Warning: Citation 'coskun_controversies_2019' on page 8 undefined on input line 86.


LaTeX Warning: Citation 'cooke_is_2011' on page 8 undefined on input line 86.


LaTeX Warning: Citation 'takahashi_possibility_1990' on page 8 undefined on input line 86.


LaTeX Warning: Citation 'massey_are_2008' on page 8 undefined on input line 86.


LaTeX Warning: Citation 'hartley_ecology_2016' on page 8 undefined on input line 86.


LaTeX Warning: Citation 'waterman_short-term_2021' on page 8 undefined on input line 86.


LaTeX Warning: Citation 'strauss_direct_2002' on page 8 undefined on input line 86.


Overfull \hbox (23.99635pt too wide) in paragraph at lines 86--87
\OT1/cmr/m/n/12 ing broad spec-trum re-sis-tance to pests, pathogens, and abi-otic stres-sors ([];
 []

[8]

LaTeX Warning: Citation 'reynolds_silicon_2016' on page 9 undefined on input line 88.


LaTeX Warning: Citation 'chen_crop_2015' on page 9 undefined on input line 88.


LaTeX Warning: Citation 'hafeez_creation_2021' on page 9 undefined on input line 88.


LaTeX Warning: Citation 'smith_domestication_2019' on page 9 undefined on input line 88.


LaTeX Warning: Citation 'whitehead_domestication_2017' on page 9 undefined on input line 88.


LaTeX Warning: Citation 'chen_crop_2015' on page 9 undefined on input line 88.


LaTeX Warning: Citation 'simpson_still_2017' on page 9 undefined on input line 88.

[9]

LaTeX Warning: Citation 'waterman_short-term_2021' on page 10 undefined on input line 96.

[10]

LaTeX Warning: Citation 'reidinger_rapid_2012' on page 11 undefined on input line 110.

[11]

LaTeX Warning: Citation 'hoffman_no-u-turn_2014' on page 12 undefined on input line 119.


LaTeX Warning: Citation 'gelman_inference_1992' on page 12 undefined on input line 119.


LaTeX Warning: Reference `Tab:params' on page 12 undefined on input line 123.

[12]
<images/induction_plot.png, id=56, 602.25pt x 401.5pt>
File: images/induction_plot.png Graphic file (type png)
<use images/induction_plot.png>
Package pdftex.def Info: images/induction_plot.png  used on input line 151.
(pdftex.def)             Requested size: 469.75539pt x 313.18098pt.
 [13 <./images/induction_plot.png>]

LaTeX Warning: Citation 'reynolds_silicon_2016' on page 14 undefined on input line 164.


LaTeX Warning: Citation 'christian_breeding_2022' on page 14 undefined on input line 164.


LaTeX Warning: Citation 'faostat' on page 14 undefined on input line 164.


LaTeX Warning: Citation 'rudel_agricultural_2009' on page 14 undefined on input line 164.


LaTeX Warning: Citation 'awika_major_2011' on page 14 undefined on input line 164.


LaTeX Warning: Citation 'reynolds_silicon_2016' on page 14 undefined on input line 164.


LaTeX Warning: Citation 'ma_functions_2003' on page 14 undefined on input line 164.


LaTeX Warning: Citation 'fauteux_silicon_2005' on page 14 undefined on input line 166.


LaTeX Warning: Citation 'katz_silicon_2019' on page 14 undefined on input line 166.


LaTeX Warning: Citation 'cooke_consistent_2016' on page 14 undefined on input line 166.


LaTeX Warning: Citation 'coskun_controversies_2019' on page 14 undefined on input line 166.


LaTeX Warning: Citation 'coskun_controversies_2019' on page 14 undefined on input line 166.

[14

]

LaTeX Warning: Citation 'reynolds_silicon_2016' on page 15 undefined on input line 168.


LaTeX Warning: Citation 'epstein_anomaly_1994' on page 15 undefined on input line 168.


LaTeX Warning: Citation 'de_tombeur_silicon_2021-1' on page 15 undefined on input line 168.


LaTeX Warning: Citation 'de_tombeur_silicon_2021-1' on page 15 undefined on input line 168.


LaTeX Warning: Citation 'lambers_leaf_2015' on page 15 undefined on input line 168.


Overfull \hbox (14.7867pt too wide) in paragraph at lines 168--169
\OT1/cmr/m/n/12 into their vas-cu-lar sys-tems and then trans-port it through-out the body ([]).
 []


LaT